<?xml version="1.0" encoding="UTF-8"?>
<!-- Generated by org.testng.reporters.JUnitReportReporter -->
<testsuite hostname="DESKTOP-TQM5NJC" failures="0" tests="1" name="testcases.CreatePortFolioTest" time="8.942" errors="0" timestamp="2021-08-22T23:56:42 PDT" skipped="0">
  <testcase classname="testcases.CreatePortFolioTest" name="createPortFolioTest" time="8.942"/>
</testsuite> <!-- testcases.CreatePortFolioTest -->
