<?xml version="1.0" encoding="UTF-8"?>
<!-- Generated by org.testng.reporters.JUnitReportReporter -->
<testsuite hostname="DESKTOP-TQM5NJC" failures="0" tests="20" name="testcases.rediff.StockManagement" time="12.920" errors="0" timestamp="2021-09-05T02:11:31 PDT" skipped="16">
  <testcase classname="testcases.rediff.StockManagement" name="verifyStockQuantity" time="0.001">
    <skipped/>
  </testcase> <!-- verifyStockQuantity -->
  <testcase classname="testcases.rediff.StockManagement" name="verifyStockPresent" time="0.002">
    <skipped/>
  </testcase> <!-- verifyStockPresent -->
  <testcase classname="testcases.rediff.StockManagement" name="verifyStockQuantity" time="0.001">
    <skipped/>
  </testcase> <!-- verifyStockQuantity -->
  <testcase classname="testcases.rediff.StockManagement" name="modifyStock" time="0.000">
    <skipped/>
  </testcase> <!-- modifyStock -->
  <testcase classname="testcases.rediff.StockManagement" name="modifyStock" time="0.000">
    <skipped/>
  </testcase> <!-- modifyStock -->
  <testcase classname="testcases.rediff.StockManagement" name="verifyStockQuantity" time="0.001">
    <skipped/>
  </testcase> <!-- verifyStockQuantity -->
  <testcase classname="testcases.rediff.StockManagement" name="verifyStockPresent" time="0.001">
    <skipped/>
  </testcase> <!-- verifyStockPresent -->
  <testcase classname="testcases.rediff.StockManagement" name="verifyTransactionHistory" time="0.000">
    <skipped/>
  </testcase> <!-- verifyTransactionHistory -->
  <testcase classname="testcases.rediff.StockManagement" name="addNewStock" time="0.001">
    <skipped/>
  </testcase> <!-- addNewStock -->
  <testcase classname="testcases.rediff.StockManagement" name="verifyStockPresent" time="0.000">
    <skipped/>
  </testcase> <!-- verifyStockPresent -->
  <testcase classname="testcases.rediff.StockManagement" name="addNewStock" time="6.917"/>
  <testcase classname="testcases.rediff.StockManagement" name="verifyTransactionHistory" time="0.000">
    <skipped/>
  </testcase> <!-- verifyTransactionHistory -->
  <testcase classname="testcases.rediff.StockManagement" name="verifyTransactionHistory" time="0.001">
    <skipped/>
  </testcase> <!-- verifyTransactionHistory -->
  <testcase classname="testcases.rediff.StockManagement" name="verifyTransactionHistory" time="0.000">
    <skipped/>
  </testcase> <!-- verifyTransactionHistory -->
  <testcase classname="testcases.rediff.StockManagement" name="verifyStockPresent" time="5.217"/>
  <testcase classname="testcases.rediff.StockManagement" name="verifyStockQuantity" time="0.203"/>
  <testcase classname="testcases.rediff.StockManagement" name="verifyTransactionHistory" time="0.573"/>
  <testcase classname="testcases.rediff.StockManagement" name="verifyStockPresent" time="0.001">
    <skipped/>
  </testcase> <!-- verifyStockPresent -->
  <testcase classname="testcases.rediff.StockManagement" name="modifyStock" time="0.000">
    <skipped/>
  </testcase> <!-- modifyStock -->
  <testcase classname="testcases.rediff.StockManagement" name="verifyStockQuantity" time="0.001">
    <skipped/>
  </testcase> <!-- verifyStockQuantity -->
</testsuite> <!-- testcases.rediff.StockManagement -->
