<?xml version="1.0" encoding="UTF-8"?>
<!-- Generated by org.testng.reporters.JUnitReportReporter -->
<testsuite hostname="DESKTOP-TQM5NJC" failures="0" tests="5" name="testcases.rediff.PortfolioManagement" time="1.067" errors="0" timestamp="2021-09-05T02:11:31 PDT" skipped="4">
  <testcase classname="testcases.rediff.PortfolioManagement" name="selectPortFolio" time="0.001">
    <skipped/>
  </testcase> <!-- selectPortFolio -->
  <testcase classname="testcases.rediff.PortfolioManagement" name="selectPortFolio" time="0.000">
    <skipped/>
  </testcase> <!-- selectPortFolio -->
  <testcase classname="testcases.rediff.PortfolioManagement" name="selectPortFolio" time="0.001">
    <skipped/>
  </testcase> <!-- selectPortFolio -->
  <testcase classname="testcases.rediff.PortfolioManagement" name="selectPortFolio" time="1.063"/>
  <testcase classname="testcases.rediff.PortfolioManagement" name="selectPortFolio" time="0.002">
    <skipped/>
  </testcase> <!-- selectPortFolio -->
</testsuite> <!-- testcases.rediff.PortfolioManagement -->
