<?xml version="1.0" encoding="UTF-8"?>
<!-- Generated by org.testng.reporters.JUnitReportReporter -->
<testsuite hostname="DESKTOP-TQM5NJC" failures="0" tests="5" name="testcases.rediff.PortfolioManagement" time="48.136" errors="0" timestamp="2021-08-28T09:25:42 PDT" skipped="0">
  <testcase classname="testcases.rediff.PortfolioManagement" name="selectPortFolio" time="3.072"/>
  <testcase classname="testcases.rediff.PortfolioManagement" name="deletePortfolio" time="24.950"/>
  <testcase classname="testcases.rediff.PortfolioManagement" name="selectPortFolio" time="6.012"/>
  <testcase classname="testcases.rediff.PortfolioManagement" name="createPortfolio" time="9.896"/>
  <testcase classname="testcases.rediff.PortfolioManagement" name="selectPortFolio" time="4.206"/>
</testsuite> <!-- testcases.rediff.PortfolioManagement -->
