<?xml version="1.0" encoding="UTF-8"?>
<!-- Generated by org.testng.reporters.JUnitReportReporter -->
<testsuite hostname="DESKTOP-TQM5NJC" failures="1" tests="12" name="testcases.rediff.StockManagement" time="47.393" errors="0" timestamp="2021-08-28T09:25:42 PDT" skipped="3">
  <testcase classname="testcases.rediff.StockManagement" name="verifyTransactionHistory" time="0.001">
    <skipped/>
  </testcase> <!-- verifyTransactionHistory -->
  <testcase classname="testcases.rediff.StockManagement" name="verifyStockPresent" time="3.746"/>
  <testcase classname="testcases.rediff.StockManagement" name="verifyStockPresent" time="4.559">
    <failure message="The following asserts failed:
	Stock Not present Birla Corporation Ltd" type="java.lang.AssertionError">
      <![CDATA[java.lang.AssertionError: The following asserts failed:
Stock Not present Birla Corporation Ltd
at org.testng.asserts.SoftAssert.assertAll(SoftAssert.java:47)
at org.testng.asserts.SoftAssert.assertAll(SoftAssert.java:31)
at Keywords.GenericKeywords.assertall(GenericKeywords.java:355)
at Keywords.GenericKeywords.reportfailure(GenericKeywords.java:348)
at testcases.rediff.StockManagement.verifyStockPresent(StockManagement.java:77)
at java.base/jdk.internal.reflect.NativeMethodAccessorImpl.invoke0(Native Method)
at java.base/jdk.internal.reflect.NativeMethodAccessorImpl.invoke(NativeMethodAccessorImpl.java:62)
at java.base/jdk.internal.reflect.DelegatingMethodAccessorImpl.invoke(DelegatingMethodAccessorImpl.java:43)
at java.base/java.lang.reflect.Method.invoke(Method.java:566)
at org.testng.internal.MethodInvocationHelper.invokeMethod(MethodInvocationHelper.java:133)
at org.testng.internal.TestInvoker.invokeMethod(TestInvoker.java:584)
at org.testng.internal.TestInvoker.invokeTestMethod(TestInvoker.java:172)
at org.testng.internal.MethodRunner.runInSequence(MethodRunner.java:46)
at org.testng.internal.TestInvoker$MethodInvocationAgent.invoke(TestInvoker.java:804)
at org.testng.internal.TestInvoker.invokeTestMethods(TestInvoker.java:145)
at org.testng.internal.TestMethodWorker.invokeTestMethods(TestMethodWorker.java:146)
at org.testng.internal.TestMethodWorker.run(TestMethodWorker.java:128)
at java.base/java.util.ArrayList.forEach(ArrayList.java:1541)
at org.testng.TestRunner.privateRun(TestRunner.java:770)
at org.testng.TestRunner.run(TestRunner.java:591)
at org.testng.SuiteRunner.runTest(SuiteRunner.java:402)
at org.testng.SuiteRunner.access$000(SuiteRunner.java:41)
at org.testng.SuiteRunner$SuiteWorker.run(SuiteRunner.java:443)
at org.testng.internal.thread.ThreadUtil.lambda$execute$0(ThreadUtil.java:67)
at java.base/java.util.concurrent.FutureTask.run(FutureTask.java:264)
at java.base/java.util.concurrent.ThreadPoolExecutor.runWorker(ThreadPoolExecutor.java:1128)
at java.base/java.util.concurrent.ThreadPoolExecutor$Worker.run(ThreadPoolExecutor.java:628)
at java.base/java.lang.Thread.run(Thread.java:834)
]]>
    </failure>
  </testcase> <!-- verifyStockPresent -->
  <testcase classname="testcases.rediff.StockManagement" name="modifyStock" time="11.611"/>
  <testcase classname="testcases.rediff.StockManagement" name="verifyTransactionHistory" time="1.996"/>
  <testcase classname="testcases.rediff.StockManagement" name="verifyStockQuantity" time="1.238"/>
  <testcase classname="testcases.rediff.StockManagement" name="verifyTransactionHistory" time="2.075"/>
  <testcase classname="testcases.rediff.StockManagement" name="verifyStockQuantity" time="0.960"/>
  <testcase classname="testcases.rediff.StockManagement" name="verifyStockQuantity" time="0.000">
    <skipped/>
  </testcase> <!-- verifyStockQuantity -->
  <testcase classname="testcases.rediff.StockManagement" name="modifyStock" time="0.000">
    <skipped/>
  </testcase> <!-- modifyStock -->
  <testcase classname="testcases.rediff.StockManagement" name="addNewStock" time="20.364"/>
  <testcase classname="testcases.rediff.StockManagement" name="verifyStockPresent" time="0.843"/>
</testsuite> <!-- testcases.rediff.StockManagement -->
